-------------------------------------------------------------------------------
>Log Session: Wednesday, August 24, 2011 11:18:16 PM EDT
>System Info: 
  Product Version         = Terramenta 201104080000
  Operating System        = Windows 7 version 6.1 running on amd64
  Java; VM; Vendor        = 1.6.0_26; Java HotSpot(TM) 64-Bit Server VM 20.1-b02; Sun Microsystems Inc.
  Runtime                 = Java(TM) SE Runtime Environment 1.6.0_26-b03
  Java Home               = C:\Program Files\Java\jdk1.6.0_26\jre
  System Locale; Encoding = en_US (terramenta); Cp1252
  Home Directory          = C:\Users\chris.heidt
  Current Directory       = D:\repositories\B_Terramenta\trunk\terramenta-application\target\terramenta
  User Directory          = D:\repositories\B_Terramenta\trunk\terramenta-application\target\userdir
  Installation            = D:\repositories\B_Terramenta\trunk\terramenta-application\target\terramenta\bin
                            D:\repositories\B_Terramenta\trunk\terramenta-application\target\terramenta\etc
                            D:\repositories\B_Terramenta\trunk\terramenta-application\target\terramenta\extra
                            D:\repositories\B_Terramenta\trunk\terramenta-application\target\terramenta\platform
                            D:\repositories\B_Terramenta\trunk\terramenta-application\target\terramenta\terramenta
                            D:\repositories\B_Terramenta\trunk\terramenta-application\target\terramenta\platform
  Boot & Ext. Classpath   = C:\Program Files\Java\jdk1.6.0_26\jre\lib\resources.jar;C:\Program Files\Java\jdk1.6.0_26\jre\lib\rt.jar;C:\Program Files\Java\jdk1.6.0_26\jre\lib\sunrsasign.jar;C:\Program Files\Java\jdk1.6.0_26\jre\lib\jsse.jar;C:\Program Files\Java\jdk1.6.0_26\jre\lib\jce.jar;C:\Program Files\Java\jdk1.6.0_26\jre\lib\charsets.jar;C:\Program Files\Java\jdk1.6.0_26\jre\lib\modules\jdk.boot.jar;C:\Program Files\Java\jdk1.6.0_26\jre\classes;C:\Program Files\Java\jdk1.6.0_26\jre\lib\ext\dnsns.jar;C:\Program Files\Java\jdk1.6.0_26\jre\lib\ext\localedata.jar;C:\Program Files\Java\jdk1.6.0_26\jre\lib\ext\sunjce_provider.jar
  Application Classpath   = D:\repositories\B_Terramenta\trunk\terramenta-application\target\terramenta\platform\lib\boot.jar;D:\repositories\B_Terramenta\trunk\terramenta-application\target\terramenta\platform\lib\org-openide-modules.jar;D:\repositories\B_Terramenta\trunk\terramenta-application\target\terramenta\platform\lib\org-openide-util-lookup.jar;D:\repositories\B_Terramenta\trunk\terramenta-application\target\terramenta\platform\lib\org-openide-util.jar;C:\Program Files\Java\jdk1.6.0_26\lib\dt.jar;C:\Program Files\Java\jdk1.6.0_26\lib\tools.jar
  Startup Classpath       = D:\repositories\B_Terramenta\trunk\terramenta-application\target\terramenta\platform\core\core.jar;D:\repositories\B_Terramenta\trunk\terramenta-application\target\terramenta\platform\core\org-openide-filesystems.jar;D:\repositories\B_Terramenta\trunk\terramenta-application\target\terramenta\terramenta\core\locale\core_terramenta.jar
-------------------------------------------------------------------------------
WARNING [org.netbeans.core.startup.NbEvents]: The extension D:\repositories\B_Terramenta\trunk\terramenta-application\target\terramenta\terramenta\modules\ext\joda-time\joda-time-1.6.2.jar may be multiply loaded by modules: [D:\repositories\B_Terramenta\trunk\terramenta-application\target\terramenta\terramenta\modules\com-qna-terramenta-waveformanalyst.jar, D:\repositories\B_Terramenta\trunk\terramenta-application\target\terramenta\terramenta\modules\com-qna-terramenta-core.jar]; see: http://www.netbeans.org/download/dev/javadoc/org-openide-modules/org/openide/modules/doc-files/classpath.html#class-path
WARNING [org.netbeans.core.projects.cache]: Inefficient to include an empty layer in a module: jar:file:/D:/repositories/B_Terramenta/trunk/terramenta-application/target/terramenta/terramenta/modules/com-qna-terramenta-waveformanalyst.jar!/com/qna/terramenta/waveformanalyst/layer.xml
INFO [org.netbeans.core.startup.NbEvents]: Turning on modules:
	org.openide.util.lookup [8.6.1 201104080000]
	org.openide.util [8.14.1 201104080000]
	org.openide.modules [7.22.1 201104080000]
	org.openide.filesystems [7.46.1 201104080000]
	org.openide.awt [7.30.1 201104080000]
	org.netbeans.api.progress/1 [1.23.1 201104080000]
	org.openide.dialogs [7.18.1 201104080000]
	org.openide.nodes [7.20.1 201104080000]
	org.openide.windows [6.39.1 201104080000]
	org.netbeans.modules.editor.mimelookup/1 [1.21.1 201104080000]
	org.openide.text [6.36.1 201104080000]
	org.netbeans.swing.tabcontrol [1.24.1 201104080000]
	org.netbeans.swing.outline [1.13.1 201104080000]
	org.openide.explorer [6.34.1 201104080000]
	org.openide.actions [6.21.1 201104080000]
	org.netbeans.modules.queries/1 [1.22.1 201104080000]
	org.openide.loaders [7.20.1 201104080000]
	org.openide.io [1.26.1 201104080000]
	org.netbeans.swing.plaf [1.19.1 201104080000]
	org.netbeans.api.annotations.common/1 [1.8.1 201104080000]
	org.netbeans.spi.quicksearch [1.9.1 201104080000]
	org.netbeans.bootstrap/1 [2.39.1 201104080000]
	org.netbeans.core.startup/1 [1.29.1 201104080000]
	org.netbeans.modules.settings/1 [1.30.1 201104080000]
	org.netbeans.modules.progress.ui [1.15.1 201104080000]
	org.netbeans.modules.print [7.8.1 201104080000]
	org.netbeans.modules.keyring [1.5.1 201104080000]
	org.netbeans.core/2 [3.24.1 201104080000]
	org.netbeans.modules.options.api/1 [1.21.1 201104080000]
	org.netbeans.modules.options.keymap [1.13.1 201104080000]
	org.netbeans.libs.jna/1 [1.13.1 201104080000]
	org.netbeans.modules.masterfs/2 [2.31.1 201104080000]
	org.netbeans.modules.keyring.impl [1.2.1 201104080000]
	org.netbeans.modules.favorites/1 [1.24.1 201104080000]
	org.netbeans.modules.editor.mimelookup.impl/1 [1.13.1 201104080000]
	org.netbeans.modules.autoupdate.services [1.25.1 201104080000]
	org.netbeans.core.ui/1 [1.26.1 201104080000]
	org.netbeans.modules.autoupdate.ui [1.22.1 201104080000]
	org.netbeans.libs.osgi [1.4.1 201104080000]
	org.netbeans.libs.felix [1.4.1 201104080000]
	org.netbeans.core.windows/2 [2.27.1 201104080000]
	org.netbeans.modules.core.kit [1.11.1 201104080000]
	org.netbeans.core.output2/1 [1.21.1 201104080000]
	org.netbeans.core.netigso [1.8.1 201104080000]
	org.netbeans.core.nativeaccess/1 [1.11.1 201104080000]
	org.netbeans.core.io.ui/1 [1.11.1 201104080000]
	com.qna.terramenta.waveformanalyst [1.0 1.0-20110824 201108250316]
	com.qna.terramenta.core [1.0 1.0-20110824 201108250316]
	com.qna.terramenta.branding [1.0 1.0-20110824 201108250316]
WARNING [org.openide.filesystems.Ordering]: Not all children in Toolbars/ marked with the position attribute: [Annotations], but some are: [Memory, Standard.xml]
WARNING [org.netbeans.core.startup.InstalledFileLocatorImpl]: module com.qna.terramenta.core in D:\repositories\B_Terramenta\trunk\terramenta-application\target\terramenta\terramenta does not own modules/lib/jogl.dll at org.netbeans.StandardModule$OneModuleClassLoader.findLibrary(StandardModule.java:718)
Diagnostic information
Input arguments:
	-Xms128m
	-Xmx512m
	-Dnetbeans.logger.console=true
	-ea
	-Dnetbeans.logger.console=true
	-ea
	-Dnetbeans.user.dir=D:\repositories\B_Terramenta\trunk\terramenta-application
	-Djdk.home=C:\Program
	Files\Java\jdk1.6.0_26
	-Dnetbeans.home=D:\repositories\B_Terramenta\trunk\terramenta-application\target\terramenta\platform
	-Dnetbeans.user=D:\repositories\B_Terramenta\trunk\terramenta-application\target\userdir
	-XX:+HeapDumpOnOutOfMemoryError
	-XX:HeapDumpPath=D:\repositories\B_Terramenta\trunk\terramenta-application\target\userdir\var\log\heapdump.hprof
	-Dnetbeans.system_http_proxy=DIRECT
	-Dsun.awt.keepWorkingSetOnMinimize=true
	-Dnetbeans.dirs=D:\repositories\B_Terramenta\trunk\terramenta-application\target\terramenta\bin;D:\repositories\B_Terramenta\trunk\terramenta-application\target\terramenta\etc;D:\repositories\B_Terramenta\trunk\terramenta-application\target\terramenta\extra;D:\repositories\B_Terramenta\trunk\terramenta-application\target\terramenta\platform;D:\repositories\B_Terramenta\trunk\terramenta-application\target\terramenta\terramenta
Compiler: HotSpot 64-Bit Tiered Compilers
Heap memory usage: initial 128.0MB maximum 455.1MB
Non heap memory usage: initial 23.2MB maximum 130.0MB
Garbage collector: PS Scavenge (Collections=7 Total time spent=0s)
Garbage collector: PS MarkSweep (Collections=0 Total time spent=0s)
Classes: loaded=4950 total loaded=4950 unloaded 0
INFO [org.netbeans.core.ui.warmup.DiagnosticTask]: Total memory 8,465,047,552
INFO [null]: Total physical memory 8,465,047,552
WARNING [org.openide.filesystems.Ordering]: Not all children in Menu/Window/ marked with the position attribute: [com-qna-terramenta-globe-GlobeTopComponent.shadow, com-qna-terramenta-layermanager-LayerManagerTopComponent.shadow, com-qna-terramenta-waveformanalyst-WaveformAnalystTopComponent.shadow, com-qna-terramenta-waveformviewer-WaveformViewerTopComponent.shadow], but some are: [org-netbeans-modules-favorites-View.shadow, org-netbeans-core-windows-actions-GlobalPropertiesAction.shadow, Output, SwitchToRecentDocumentAction.shadow, ProgressListAction.shadow, Separator3.instance, CloseWindowAction.shadow, MaximizeWindowAction.shadow, org-netbeans-core-windows-actions-UndockAction.shadow, Separator4.instance, org-netbeans-core-windows-actions-ResetWindowsAction.shadow]
INFO [null]: Bytes Per Frame: 1
INFO [null]: Total Frames Read: 2,250
INFO [null]: Total Bytes Read: 2,250
